2025-03-20 22:59:22,125 - kedro.framework.project - INFO - Using 'conf/logging.yml' as logging configuration. You can change this by setting the KEDRO_LOGGING_CONFIG environment variable accordingly.
2025-03-20 22:59:22,288 - py.warnings - WARNING - /Users/hainingzheng/pythonCodes/kedro_pipeline_test/.venv/lib/python3.13/site-packages/kedro/io/data_catalog.py:165: KedroDeprecationWarning: `DataCatalog` has been deprecated and will be replaced by `KedroDataCatalog`, in Kedro 1.0.0.Currently some `KedroDataCatalog` APIs have been retained for compatibility with `DataCatalog`, including the `datasets` property and the `get_datasets`, `_get_datasets`, `add`,` list`, `add_feed_dict`, and `shallow_copy` methods. These will be removed or replaced with updated alternatives in Kedro 1.0.0. For more details, refer to the documentation: https://docs.kedro.org/en/stable/data/index.html#kedrodatacatalog-experimental-feature
  warnings.warn(

2025-03-20 22:59:22,407 - py.warnings - WARNING - /Users/hainingzheng/pythonCodes/kedro_pipeline_test/.venv/lib/python3.13/site-packages/kedro/io/data_catalog.py:165: KedroDeprecationWarning: `DataCatalog` has been deprecated and will be replaced by `KedroDataCatalog`, in Kedro 1.0.0.Currently some `KedroDataCatalog` APIs have been retained for compatibility with `DataCatalog`, including the `datasets` property and the `get_datasets`, `_get_datasets`, `add`,` list`, `add_feed_dict`, and `shallow_copy` methods. These will be removed or replaced with updated alternatives in Kedro 1.0.0. For more details, refer to the documentation: https://docs.kedro.org/en/stable/data/index.html#kedrodatacatalog-experimental-feature
  warnings.warn(

2025-03-20 22:59:22,448 - kedro_telemetry.plugin - INFO - Kedro is sending anonymous usage data with the sole purpose of improving the product. No personal data or IP addresses are stored on our side. If you want to opt out, set the `KEDRO_DISABLE_TELEMETRY` or `DO_NOT_TRACK` environment variables, or create a `.telemetry` file in the current working directory with the contents `consent: false`. Read more at https://docs.kedro.org/en/stable/configuration/telemetry.html
2025-03-20 23:03:09,105 - kedro.framework.project - INFO - Using 'conf/logging.yml' as logging configuration. You can change this by setting the KEDRO_LOGGING_CONFIG environment variable accordingly.
2025-03-20 23:03:09,199 - py.warnings - WARNING - /Users/hainingzheng/pythonCodes/kedro_pipeline_test/.venv/lib/python3.13/site-packages/kedro/io/data_catalog.py:165: KedroDeprecationWarning: `DataCatalog` has been deprecated and will be replaced by `KedroDataCatalog`, in Kedro 1.0.0.Currently some `KedroDataCatalog` APIs have been retained for compatibility with `DataCatalog`, including the `datasets` property and the `get_datasets`, `_get_datasets`, `add`,` list`, `add_feed_dict`, and `shallow_copy` methods. These will be removed or replaced with updated alternatives in Kedro 1.0.0. For more details, refer to the documentation: https://docs.kedro.org/en/stable/data/index.html#kedrodatacatalog-experimental-feature
  warnings.warn(

2025-03-20 23:03:09,332 - py.warnings - WARNING - /Users/hainingzheng/pythonCodes/kedro_pipeline_test/.venv/lib/python3.13/site-packages/kedro/io/data_catalog.py:165: KedroDeprecationWarning: `DataCatalog` has been deprecated and will be replaced by `KedroDataCatalog`, in Kedro 1.0.0.Currently some `KedroDataCatalog` APIs have been retained for compatibility with `DataCatalog`, including the `datasets` property and the `get_datasets`, `_get_datasets`, `add`,` list`, `add_feed_dict`, and `shallow_copy` methods. These will be removed or replaced with updated alternatives in Kedro 1.0.0. For more details, refer to the documentation: https://docs.kedro.org/en/stable/data/index.html#kedrodatacatalog-experimental-feature
  warnings.warn(

2025-03-20 23:03:09,427 - kedro.framework.session.session - INFO - Kedro project kedro-iris
2025-03-20 23:03:13,743 - kedro_telemetry.plugin - INFO - Kedro is sending anonymous usage data with the sole purpose of improving the product. No personal data or IP addresses are stored on our side. If you want to opt out, set the `KEDRO_DISABLE_TELEMETRY` or `DO_NOT_TRACK` environment variables, or create a `.telemetry` file in the current working directory with the contents `consent: false`. Read more at https://docs.kedro.org/en/stable/configuration/telemetry.html
2025-03-20 23:03:56,334 - kedro.framework.project - INFO - Using 'conf/logging.yml' as logging configuration. You can change this by setting the KEDRO_LOGGING_CONFIG environment variable accordingly.
2025-03-20 23:03:56,420 - py.warnings - WARNING - /Users/hainingzheng/pythonCodes/kedro_pipeline_test/.venv/lib/python3.13/site-packages/kedro/io/data_catalog.py:165: KedroDeprecationWarning: `DataCatalog` has been deprecated and will be replaced by `KedroDataCatalog`, in Kedro 1.0.0.Currently some `KedroDataCatalog` APIs have been retained for compatibility with `DataCatalog`, including the `datasets` property and the `get_datasets`, `_get_datasets`, `add`,` list`, `add_feed_dict`, and `shallow_copy` methods. These will be removed or replaced with updated alternatives in Kedro 1.0.0. For more details, refer to the documentation: https://docs.kedro.org/en/stable/data/index.html#kedrodatacatalog-experimental-feature
  warnings.warn(

2025-03-20 23:03:56,533 - py.warnings - WARNING - /Users/hainingzheng/pythonCodes/kedro_pipeline_test/.venv/lib/python3.13/site-packages/kedro/io/data_catalog.py:165: KedroDeprecationWarning: `DataCatalog` has been deprecated and will be replaced by `KedroDataCatalog`, in Kedro 1.0.0.Currently some `KedroDataCatalog` APIs have been retained for compatibility with `DataCatalog`, including the `datasets` property and the `get_datasets`, `_get_datasets`, `add`,` list`, `add_feed_dict`, and `shallow_copy` methods. These will be removed or replaced with updated alternatives in Kedro 1.0.0. For more details, refer to the documentation: https://docs.kedro.org/en/stable/data/index.html#kedrodatacatalog-experimental-feature
  warnings.warn(

2025-03-20 23:03:56,583 - kedro.framework.session.session - INFO - Kedro project kedro-iris
2025-03-20 23:03:57,461 - kedro_telemetry.plugin - INFO - Kedro is sending anonymous usage data with the sole purpose of improving the product. No personal data or IP addresses are stored on our side. If you want to opt out, set the `KEDRO_DISABLE_TELEMETRY` or `DO_NOT_TRACK` environment variables, or create a `.telemetry` file in the current working directory with the contents `consent: false`. Read more at https://docs.kedro.org/en/stable/configuration/telemetry.html
2025-03-20 23:05:56,731 - kedro.framework.project - INFO - Using 'conf/logging.yml' as logging configuration. You can change this by setting the KEDRO_LOGGING_CONFIG environment variable accordingly.
2025-03-20 23:05:56,820 - py.warnings - WARNING - /Users/hainingzheng/pythonCodes/kedro_pipeline_test/.venv/lib/python3.13/site-packages/kedro/io/data_catalog.py:165: KedroDeprecationWarning: `DataCatalog` has been deprecated and will be replaced by `KedroDataCatalog`, in Kedro 1.0.0.Currently some `KedroDataCatalog` APIs have been retained for compatibility with `DataCatalog`, including the `datasets` property and the `get_datasets`, `_get_datasets`, `add`,` list`, `add_feed_dict`, and `shallow_copy` methods. These will be removed or replaced with updated alternatives in Kedro 1.0.0. For more details, refer to the documentation: https://docs.kedro.org/en/stable/data/index.html#kedrodatacatalog-experimental-feature
  warnings.warn(

2025-03-20 23:05:56,933 - py.warnings - WARNING - /Users/hainingzheng/pythonCodes/kedro_pipeline_test/.venv/lib/python3.13/site-packages/kedro/io/data_catalog.py:165: KedroDeprecationWarning: `DataCatalog` has been deprecated and will be replaced by `KedroDataCatalog`, in Kedro 1.0.0.Currently some `KedroDataCatalog` APIs have been retained for compatibility with `DataCatalog`, including the `datasets` property and the `get_datasets`, `_get_datasets`, `add`,` list`, `add_feed_dict`, and `shallow_copy` methods. These will be removed or replaced with updated alternatives in Kedro 1.0.0. For more details, refer to the documentation: https://docs.kedro.org/en/stable/data/index.html#kedrodatacatalog-experimental-feature
  warnings.warn(

2025-03-20 23:05:56,981 - kedro.framework.session.session - INFO - Kedro project kedro-iris
2025-03-20 23:05:57,867 - kedro_telemetry.plugin - INFO - Kedro is sending anonymous usage data with the sole purpose of improving the product. No personal data or IP addresses are stored on our side. If you want to opt out, set the `KEDRO_DISABLE_TELEMETRY` or `DO_NOT_TRACK` environment variables, or create a `.telemetry` file in the current working directory with the contents `consent: false`. Read more at https://docs.kedro.org/en/stable/configuration/telemetry.html
2025-03-20 23:07:39,305 - kedro.framework.project - INFO - Using 'conf/logging.yml' as logging configuration. You can change this by setting the KEDRO_LOGGING_CONFIG environment variable accordingly.
2025-03-20 23:07:39,394 - py.warnings - WARNING - /Users/hainingzheng/pythonCodes/kedro_pipeline_test/.venv/lib/python3.13/site-packages/kedro/io/data_catalog.py:165: KedroDeprecationWarning: `DataCatalog` has been deprecated and will be replaced by `KedroDataCatalog`, in Kedro 1.0.0.Currently some `KedroDataCatalog` APIs have been retained for compatibility with `DataCatalog`, including the `datasets` property and the `get_datasets`, `_get_datasets`, `add`,` list`, `add_feed_dict`, and `shallow_copy` methods. These will be removed or replaced with updated alternatives in Kedro 1.0.0. For more details, refer to the documentation: https://docs.kedro.org/en/stable/data/index.html#kedrodatacatalog-experimental-feature
  warnings.warn(

2025-03-20 23:07:39,510 - py.warnings - WARNING - /Users/hainingzheng/pythonCodes/kedro_pipeline_test/.venv/lib/python3.13/site-packages/kedro/io/data_catalog.py:165: KedroDeprecationWarning: `DataCatalog` has been deprecated and will be replaced by `KedroDataCatalog`, in Kedro 1.0.0.Currently some `KedroDataCatalog` APIs have been retained for compatibility with `DataCatalog`, including the `datasets` property and the `get_datasets`, `_get_datasets`, `add`,` list`, `add_feed_dict`, and `shallow_copy` methods. These will be removed or replaced with updated alternatives in Kedro 1.0.0. For more details, refer to the documentation: https://docs.kedro.org/en/stable/data/index.html#kedrodatacatalog-experimental-feature
  warnings.warn(

2025-03-20 23:07:39,574 - kedro.framework.session.session - INFO - Kedro project kedro-iris
2025-03-20 23:07:40,460 - kedro_telemetry.plugin - INFO - Kedro is sending anonymous usage data with the sole purpose of improving the product. No personal data or IP addresses are stored on our side. If you want to opt out, set the `KEDRO_DISABLE_TELEMETRY` or `DO_NOT_TRACK` environment variables, or create a `.telemetry` file in the current working directory with the contents `consent: false`. Read more at https://docs.kedro.org/en/stable/configuration/telemetry.html
2025-03-20 23:10:19,333 - kedro.framework.project - INFO - Using 'conf/logging.yml' as logging configuration. You can change this by setting the KEDRO_LOGGING_CONFIG environment variable accordingly.
2025-03-20 23:10:19,421 - py.warnings - WARNING - /Users/hainingzheng/pythonCodes/kedro_pipeline_test/.venv/lib/python3.13/site-packages/kedro/io/data_catalog.py:165: KedroDeprecationWarning: `DataCatalog` has been deprecated and will be replaced by `KedroDataCatalog`, in Kedro 1.0.0.Currently some `KedroDataCatalog` APIs have been retained for compatibility with `DataCatalog`, including the `datasets` property and the `get_datasets`, `_get_datasets`, `add`,` list`, `add_feed_dict`, and `shallow_copy` methods. These will be removed or replaced with updated alternatives in Kedro 1.0.0. For more details, refer to the documentation: https://docs.kedro.org/en/stable/data/index.html#kedrodatacatalog-experimental-feature
  warnings.warn(

2025-03-20 23:10:19,535 - py.warnings - WARNING - /Users/hainingzheng/pythonCodes/kedro_pipeline_test/.venv/lib/python3.13/site-packages/kedro/io/data_catalog.py:165: KedroDeprecationWarning: `DataCatalog` has been deprecated and will be replaced by `KedroDataCatalog`, in Kedro 1.0.0.Currently some `KedroDataCatalog` APIs have been retained for compatibility with `DataCatalog`, including the `datasets` property and the `get_datasets`, `_get_datasets`, `add`,` list`, `add_feed_dict`, and `shallow_copy` methods. These will be removed or replaced with updated alternatives in Kedro 1.0.0. For more details, refer to the documentation: https://docs.kedro.org/en/stable/data/index.html#kedrodatacatalog-experimental-feature
  warnings.warn(

2025-03-20 23:10:19,585 - kedro.framework.session.session - INFO - Kedro project kedro-iris
2025-03-20 23:10:20,468 - kedro_telemetry.plugin - INFO - Kedro is sending anonymous usage data with the sole purpose of improving the product. No personal data or IP addresses are stored on our side. If you want to opt out, set the `KEDRO_DISABLE_TELEMETRY` or `DO_NOT_TRACK` environment variables, or create a `.telemetry` file in the current working directory with the contents `consent: false`. Read more at https://docs.kedro.org/en/stable/configuration/telemetry.html
2025-03-20 23:12:51,737 - kedro.framework.project - INFO - Using 'conf/logging.yml' as logging configuration. You can change this by setting the KEDRO_LOGGING_CONFIG environment variable accordingly.
2025-03-20 23:12:51,829 - py.warnings - WARNING - /Users/hainingzheng/pythonCodes/kedro_pipeline_test/.venv/lib/python3.13/site-packages/kedro/io/data_catalog.py:165: KedroDeprecationWarning: `DataCatalog` has been deprecated and will be replaced by `KedroDataCatalog`, in Kedro 1.0.0.Currently some `KedroDataCatalog` APIs have been retained for compatibility with `DataCatalog`, including the `datasets` property and the `get_datasets`, `_get_datasets`, `add`,` list`, `add_feed_dict`, and `shallow_copy` methods. These will be removed or replaced with updated alternatives in Kedro 1.0.0. For more details, refer to the documentation: https://docs.kedro.org/en/stable/data/index.html#kedrodatacatalog-experimental-feature
  warnings.warn(

2025-03-20 23:12:51,946 - py.warnings - WARNING - /Users/hainingzheng/pythonCodes/kedro_pipeline_test/.venv/lib/python3.13/site-packages/kedro/io/data_catalog.py:165: KedroDeprecationWarning: `DataCatalog` has been deprecated and will be replaced by `KedroDataCatalog`, in Kedro 1.0.0.Currently some `KedroDataCatalog` APIs have been retained for compatibility with `DataCatalog`, including the `datasets` property and the `get_datasets`, `_get_datasets`, `add`,` list`, `add_feed_dict`, and `shallow_copy` methods. These will be removed or replaced with updated alternatives in Kedro 1.0.0. For more details, refer to the documentation: https://docs.kedro.org/en/stable/data/index.html#kedrodatacatalog-experimental-feature
  warnings.warn(

2025-03-20 23:12:52,002 - kedro.framework.session.session - INFO - Kedro project kedro-iris
2025-03-20 23:12:52,895 - kedro_telemetry.plugin - INFO - Kedro is sending anonymous usage data with the sole purpose of improving the product. No personal data or IP addresses are stored on our side. If you want to opt out, set the `KEDRO_DISABLE_TELEMETRY` or `DO_NOT_TRACK` environment variables, or create a `.telemetry` file in the current working directory with the contents `consent: false`. Read more at https://docs.kedro.org/en/stable/configuration/telemetry.html
2025-03-20 23:14:24,893 - kedro.framework.project - INFO - Using 'conf/logging.yml' as logging configuration. You can change this by setting the KEDRO_LOGGING_CONFIG environment variable accordingly.
2025-03-20 23:14:24,986 - py.warnings - WARNING - /Users/hainingzheng/pythonCodes/kedro_pipeline_test/.venv/lib/python3.13/site-packages/kedro/io/data_catalog.py:165: KedroDeprecationWarning: `DataCatalog` has been deprecated and will be replaced by `KedroDataCatalog`, in Kedro 1.0.0.Currently some `KedroDataCatalog` APIs have been retained for compatibility with `DataCatalog`, including the `datasets` property and the `get_datasets`, `_get_datasets`, `add`,` list`, `add_feed_dict`, and `shallow_copy` methods. These will be removed or replaced with updated alternatives in Kedro 1.0.0. For more details, refer to the documentation: https://docs.kedro.org/en/stable/data/index.html#kedrodatacatalog-experimental-feature
  warnings.warn(

2025-03-20 23:14:25,100 - py.warnings - WARNING - /Users/hainingzheng/pythonCodes/kedro_pipeline_test/.venv/lib/python3.13/site-packages/kedro/io/data_catalog.py:165: KedroDeprecationWarning: `DataCatalog` has been deprecated and will be replaced by `KedroDataCatalog`, in Kedro 1.0.0.Currently some `KedroDataCatalog` APIs have been retained for compatibility with `DataCatalog`, including the `datasets` property and the `get_datasets`, `_get_datasets`, `add`,` list`, `add_feed_dict`, and `shallow_copy` methods. These will be removed or replaced with updated alternatives in Kedro 1.0.0. For more details, refer to the documentation: https://docs.kedro.org/en/stable/data/index.html#kedrodatacatalog-experimental-feature
  warnings.warn(

2025-03-20 23:14:25,155 - kedro.framework.session.session - INFO - Kedro project kedro-iris
2025-03-20 23:14:26,055 - kedro_telemetry.plugin - INFO - Kedro is sending anonymous usage data with the sole purpose of improving the product. No personal data or IP addresses are stored on our side. If you want to opt out, set the `KEDRO_DISABLE_TELEMETRY` or `DO_NOT_TRACK` environment variables, or create a `.telemetry` file in the current working directory with the contents `consent: false`. Read more at https://docs.kedro.org/en/stable/configuration/telemetry.html
2025-03-20 23:17:33,050 - kedro.framework.project - INFO - Using 'conf/logging.yml' as logging configuration. You can change this by setting the KEDRO_LOGGING_CONFIG environment variable accordingly.
2025-03-20 23:17:33,139 - py.warnings - WARNING - /Users/hainingzheng/pythonCodes/kedro_pipeline_test/.venv/lib/python3.13/site-packages/kedro/io/data_catalog.py:165: KedroDeprecationWarning: `DataCatalog` has been deprecated and will be replaced by `KedroDataCatalog`, in Kedro 1.0.0.Currently some `KedroDataCatalog` APIs have been retained for compatibility with `DataCatalog`, including the `datasets` property and the `get_datasets`, `_get_datasets`, `add`,` list`, `add_feed_dict`, and `shallow_copy` methods. These will be removed or replaced with updated alternatives in Kedro 1.0.0. For more details, refer to the documentation: https://docs.kedro.org/en/stable/data/index.html#kedrodatacatalog-experimental-feature
  warnings.warn(

2025-03-20 23:17:33,253 - py.warnings - WARNING - /Users/hainingzheng/pythonCodes/kedro_pipeline_test/.venv/lib/python3.13/site-packages/kedro/io/data_catalog.py:165: KedroDeprecationWarning: `DataCatalog` has been deprecated and will be replaced by `KedroDataCatalog`, in Kedro 1.0.0.Currently some `KedroDataCatalog` APIs have been retained for compatibility with `DataCatalog`, including the `datasets` property and the `get_datasets`, `_get_datasets`, `add`,` list`, `add_feed_dict`, and `shallow_copy` methods. These will be removed or replaced with updated alternatives in Kedro 1.0.0. For more details, refer to the documentation: https://docs.kedro.org/en/stable/data/index.html#kedrodatacatalog-experimental-feature
  warnings.warn(

2025-03-20 23:17:33,317 - kedro.framework.session.session - INFO - Kedro project kedro-iris
2025-03-20 23:17:34,210 - kedro_telemetry.plugin - INFO - Kedro is sending anonymous usage data with the sole purpose of improving the product. No personal data or IP addresses are stored on our side. If you want to opt out, set the `KEDRO_DISABLE_TELEMETRY` or `DO_NOT_TRACK` environment variables, or create a `.telemetry` file in the current working directory with the contents `consent: false`. Read more at https://docs.kedro.org/en/stable/configuration/telemetry.html
2025-03-20 23:20:18,594 - kedro.framework.project - INFO - Using 'conf/logging.yml' as logging configuration. You can change this by setting the KEDRO_LOGGING_CONFIG environment variable accordingly.
2025-03-20 23:20:18,684 - py.warnings - WARNING - /Users/hainingzheng/pythonCodes/kedro_pipeline_test/.venv/lib/python3.13/site-packages/kedro/io/data_catalog.py:165: KedroDeprecationWarning: `DataCatalog` has been deprecated and will be replaced by `KedroDataCatalog`, in Kedro 1.0.0.Currently some `KedroDataCatalog` APIs have been retained for compatibility with `DataCatalog`, including the `datasets` property and the `get_datasets`, `_get_datasets`, `add`,` list`, `add_feed_dict`, and `shallow_copy` methods. These will be removed or replaced with updated alternatives in Kedro 1.0.0. For more details, refer to the documentation: https://docs.kedro.org/en/stable/data/index.html#kedrodatacatalog-experimental-feature
  warnings.warn(

2025-03-20 23:20:18,797 - py.warnings - WARNING - /Users/hainingzheng/pythonCodes/kedro_pipeline_test/.venv/lib/python3.13/site-packages/kedro/io/data_catalog.py:165: KedroDeprecationWarning: `DataCatalog` has been deprecated and will be replaced by `KedroDataCatalog`, in Kedro 1.0.0.Currently some `KedroDataCatalog` APIs have been retained for compatibility with `DataCatalog`, including the `datasets` property and the `get_datasets`, `_get_datasets`, `add`,` list`, `add_feed_dict`, and `shallow_copy` methods. These will be removed or replaced with updated alternatives in Kedro 1.0.0. For more details, refer to the documentation: https://docs.kedro.org/en/stable/data/index.html#kedrodatacatalog-experimental-feature
  warnings.warn(

2025-03-20 23:20:18,848 - kedro.framework.session.session - INFO - Kedro project kedro-iris
2025-03-20 23:20:19,746 - kedro_telemetry.plugin - INFO - Kedro is sending anonymous usage data with the sole purpose of improving the product. No personal data or IP addresses are stored on our side. If you want to opt out, set the `KEDRO_DISABLE_TELEMETRY` or `DO_NOT_TRACK` environment variables, or create a `.telemetry` file in the current working directory with the contents `consent: false`. Read more at https://docs.kedro.org/en/stable/configuration/telemetry.html
2025-03-20 23:20:55,941 - kedro.framework.project - INFO - Using 'conf/logging.yml' as logging configuration. You can change this by setting the KEDRO_LOGGING_CONFIG environment variable accordingly.
2025-03-20 23:20:56,025 - py.warnings - WARNING - /Users/hainingzheng/pythonCodes/kedro_pipeline_test/.venv/lib/python3.13/site-packages/kedro/io/data_catalog.py:165: KedroDeprecationWarning: `DataCatalog` has been deprecated and will be replaced by `KedroDataCatalog`, in Kedro 1.0.0.Currently some `KedroDataCatalog` APIs have been retained for compatibility with `DataCatalog`, including the `datasets` property and the `get_datasets`, `_get_datasets`, `add`,` list`, `add_feed_dict`, and `shallow_copy` methods. These will be removed or replaced with updated alternatives in Kedro 1.0.0. For more details, refer to the documentation: https://docs.kedro.org/en/stable/data/index.html#kedrodatacatalog-experimental-feature
  warnings.warn(

2025-03-20 23:20:56,135 - py.warnings - WARNING - /Users/hainingzheng/pythonCodes/kedro_pipeline_test/.venv/lib/python3.13/site-packages/kedro/io/data_catalog.py:165: KedroDeprecationWarning: `DataCatalog` has been deprecated and will be replaced by `KedroDataCatalog`, in Kedro 1.0.0.Currently some `KedroDataCatalog` APIs have been retained for compatibility with `DataCatalog`, including the `datasets` property and the `get_datasets`, `_get_datasets`, `add`,` list`, `add_feed_dict`, and `shallow_copy` methods. These will be removed or replaced with updated alternatives in Kedro 1.0.0. For more details, refer to the documentation: https://docs.kedro.org/en/stable/data/index.html#kedrodatacatalog-experimental-feature
  warnings.warn(

2025-03-20 23:20:56,184 - kedro.framework.session.session - INFO - Kedro project kedro-iris
2025-03-20 23:20:57,054 - kedro_telemetry.plugin - INFO - Kedro is sending anonymous usage data with the sole purpose of improving the product. No personal data or IP addresses are stored on our side. If you want to opt out, set the `KEDRO_DISABLE_TELEMETRY` or `DO_NOT_TRACK` environment variables, or create a `.telemetry` file in the current working directory with the contents `consent: false`. Read more at https://docs.kedro.org/en/stable/configuration/telemetry.html
2025-03-20 23:21:35,072 - kedro.framework.project - INFO - Using 'conf/logging.yml' as logging configuration. You can change this by setting the KEDRO_LOGGING_CONFIG environment variable accordingly.
2025-03-20 23:21:35,157 - py.warnings - WARNING - /Users/hainingzheng/pythonCodes/kedro_pipeline_test/.venv/lib/python3.13/site-packages/kedro/io/data_catalog.py:165: KedroDeprecationWarning: `DataCatalog` has been deprecated and will be replaced by `KedroDataCatalog`, in Kedro 1.0.0.Currently some `KedroDataCatalog` APIs have been retained for compatibility with `DataCatalog`, including the `datasets` property and the `get_datasets`, `_get_datasets`, `add`,` list`, `add_feed_dict`, and `shallow_copy` methods. These will be removed or replaced with updated alternatives in Kedro 1.0.0. For more details, refer to the documentation: https://docs.kedro.org/en/stable/data/index.html#kedrodatacatalog-experimental-feature
  warnings.warn(

2025-03-20 23:21:35,265 - py.warnings - WARNING - /Users/hainingzheng/pythonCodes/kedro_pipeline_test/.venv/lib/python3.13/site-packages/kedro/io/data_catalog.py:165: KedroDeprecationWarning: `DataCatalog` has been deprecated and will be replaced by `KedroDataCatalog`, in Kedro 1.0.0.Currently some `KedroDataCatalog` APIs have been retained for compatibility with `DataCatalog`, including the `datasets` property and the `get_datasets`, `_get_datasets`, `add`,` list`, `add_feed_dict`, and `shallow_copy` methods. These will be removed or replaced with updated alternatives in Kedro 1.0.0. For more details, refer to the documentation: https://docs.kedro.org/en/stable/data/index.html#kedrodatacatalog-experimental-feature
  warnings.warn(

2025-03-20 23:21:35,316 - kedro.framework.session.session - INFO - Kedro project kedro-iris
2025-03-20 23:21:36,176 - kedro_telemetry.plugin - INFO - Kedro is sending anonymous usage data with the sole purpose of improving the product. No personal data or IP addresses are stored on our side. If you want to opt out, set the `KEDRO_DISABLE_TELEMETRY` or `DO_NOT_TRACK` environment variables, or create a `.telemetry` file in the current working directory with the contents `consent: false`. Read more at https://docs.kedro.org/en/stable/configuration/telemetry.html
2025-03-20 23:24:17,952 - kedro.framework.project - INFO - Using 'conf/logging.yml' as logging configuration. You can change this by setting the KEDRO_LOGGING_CONFIG environment variable accordingly.
2025-03-20 23:24:18,041 - py.warnings - WARNING - /Users/hainingzheng/pythonCodes/kedro_pipeline_test/.venv/lib/python3.13/site-packages/kedro/io/data_catalog.py:165: KedroDeprecationWarning: `DataCatalog` has been deprecated and will be replaced by `KedroDataCatalog`, in Kedro 1.0.0.Currently some `KedroDataCatalog` APIs have been retained for compatibility with `DataCatalog`, including the `datasets` property and the `get_datasets`, `_get_datasets`, `add`,` list`, `add_feed_dict`, and `shallow_copy` methods. These will be removed or replaced with updated alternatives in Kedro 1.0.0. For more details, refer to the documentation: https://docs.kedro.org/en/stable/data/index.html#kedrodatacatalog-experimental-feature
  warnings.warn(

2025-03-20 23:24:18,156 - py.warnings - WARNING - /Users/hainingzheng/pythonCodes/kedro_pipeline_test/.venv/lib/python3.13/site-packages/kedro/io/data_catalog.py:165: KedroDeprecationWarning: `DataCatalog` has been deprecated and will be replaced by `KedroDataCatalog`, in Kedro 1.0.0.Currently some `KedroDataCatalog` APIs have been retained for compatibility with `DataCatalog`, including the `datasets` property and the `get_datasets`, `_get_datasets`, `add`,` list`, `add_feed_dict`, and `shallow_copy` methods. These will be removed or replaced with updated alternatives in Kedro 1.0.0. For more details, refer to the documentation: https://docs.kedro.org/en/stable/data/index.html#kedrodatacatalog-experimental-feature
  warnings.warn(

2025-03-20 23:24:18,217 - kedro.framework.session.session - INFO - Kedro project kedro-iris
2025-03-20 23:24:19,121 - py.warnings - WARNING - /Users/hainingzheng/pythonCodes/kedro_pipeline_test/.venv/lib/python3.13/site-packages/kedro/io/data_catalog.py:165: KedroDeprecationWarning: `DataCatalog` has been deprecated and will be replaced by `KedroDataCatalog`, in Kedro 1.0.0.Currently some `KedroDataCatalog` APIs have been retained for compatibility with `DataCatalog`, including the `datasets` property and the `get_datasets`, `_get_datasets`, `add`,` list`, `add_feed_dict`, and `shallow_copy` methods. These will be removed or replaced with updated alternatives in Kedro 1.0.0. For more details, refer to the documentation: https://docs.kedro.org/en/stable/data/index.html#kedrodatacatalog-experimental-feature
  warnings.warn(

2025-03-20 23:24:19,125 - kedro_telemetry.plugin - INFO - Kedro is sending anonymous usage data with the sole purpose of improving the product. No personal data or IP addresses are stored on our side. If you want to opt out, set the `KEDRO_DISABLE_TELEMETRY` or `DO_NOT_TRACK` environment variables, or create a `.telemetry` file in the current working directory with the contents `consent: false`. Read more at https://docs.kedro.org/en/stable/configuration/telemetry.html
2025-03-20 23:24:19,216 - kedro.runner.sequential_runner - INFO - Using synchronous mode for loading and saving data. Use the --async flag for potential performance gains. https://docs.kedro.org/en/stable/nodes_and_pipelines/run_a_pipeline.html#load-and-save-asynchronously
2025-03-20 23:24:19,217 - kedro.io.data_catalog - INFO - Loading data from iris_dataset (CSVDataset)...
2025-03-20 23:24:19,242 - kedro.pipeline.node - INFO - Running node: load_data_node: load_data([iris_dataset]) -> [X;y]
2025-03-20 23:24:19,249 - kedro.io.data_catalog - INFO - Saving data to X (MemoryDataset)...
2025-03-20 23:24:19,252 - kedro.io.data_catalog - INFO - Saving data to y (MemoryDataset)...
2025-03-20 23:24:19,253 - kedro.runner.sequential_runner - INFO - Completed node: load_data_node
2025-03-20 23:24:19,253 - kedro.runner.sequential_runner - INFO - Completed 1 out of 2 tasks
2025-03-20 23:24:19,254 - kedro.io.data_catalog - INFO - Loading data from X (MemoryDataset)...
2025-03-20 23:24:19,256 - kedro.io.data_catalog - INFO - Loading data from y (MemoryDataset)...
2025-03-20 23:24:19,260 - kedro.pipeline.node - INFO - Running node: train_model_node: preprocess_data([X;y]) -> [accuracy]
2025-03-20 23:24:19,269 - kedro.pipeline.node - ERROR - Node train_model_node: preprocess_data([X;y]) -> [accuracy] failed with error: 
Unknown label type: continuous. Maybe you are trying to fit a classifier, which expects discrete classes on a regression target with continuous values.
2025-03-20 23:24:19,272 - kedro.runner.sequential_runner - WARNING - There are 1 nodes that have not run.
You can resume the pipeline run from the nearest nodes with persisted inputs by adding the following argument to your previous command:
  --from-nodes "load_data_node"
2025-03-20 23:31:36,562 - kedro.framework.project - INFO - Using 'conf/logging.yml' as logging configuration. You can change this by setting the KEDRO_LOGGING_CONFIG environment variable accordingly.
2025-03-20 23:31:36,653 - py.warnings - WARNING - /Users/hainingzheng/pythonCodes/kedro_pipeline_test/.venv/lib/python3.13/site-packages/kedro/io/data_catalog.py:165: KedroDeprecationWarning: `DataCatalog` has been deprecated and will be replaced by `KedroDataCatalog`, in Kedro 1.0.0.Currently some `KedroDataCatalog` APIs have been retained for compatibility with `DataCatalog`, including the `datasets` property and the `get_datasets`, `_get_datasets`, `add`,` list`, `add_feed_dict`, and `shallow_copy` methods. These will be removed or replaced with updated alternatives in Kedro 1.0.0. For more details, refer to the documentation: https://docs.kedro.org/en/stable/data/index.html#kedrodatacatalog-experimental-feature
  warnings.warn(

2025-03-20 23:31:36,768 - py.warnings - WARNING - /Users/hainingzheng/pythonCodes/kedro_pipeline_test/.venv/lib/python3.13/site-packages/kedro/io/data_catalog.py:165: KedroDeprecationWarning: `DataCatalog` has been deprecated and will be replaced by `KedroDataCatalog`, in Kedro 1.0.0.Currently some `KedroDataCatalog` APIs have been retained for compatibility with `DataCatalog`, including the `datasets` property and the `get_datasets`, `_get_datasets`, `add`,` list`, `add_feed_dict`, and `shallow_copy` methods. These will be removed or replaced with updated alternatives in Kedro 1.0.0. For more details, refer to the documentation: https://docs.kedro.org/en/stable/data/index.html#kedrodatacatalog-experimental-feature
  warnings.warn(

2025-03-20 23:31:36,833 - kedro.framework.session.session - INFO - Kedro project kedro-iris
2025-03-20 23:31:37,732 - py.warnings - WARNING - /Users/hainingzheng/pythonCodes/kedro_pipeline_test/.venv/lib/python3.13/site-packages/kedro/io/data_catalog.py:165: KedroDeprecationWarning: `DataCatalog` has been deprecated and will be replaced by `KedroDataCatalog`, in Kedro 1.0.0.Currently some `KedroDataCatalog` APIs have been retained for compatibility with `DataCatalog`, including the `datasets` property and the `get_datasets`, `_get_datasets`, `add`,` list`, `add_feed_dict`, and `shallow_copy` methods. These will be removed or replaced with updated alternatives in Kedro 1.0.0. For more details, refer to the documentation: https://docs.kedro.org/en/stable/data/index.html#kedrodatacatalog-experimental-feature
  warnings.warn(

2025-03-20 23:31:37,735 - kedro_telemetry.plugin - INFO - Kedro is sending anonymous usage data with the sole purpose of improving the product. No personal data or IP addresses are stored on our side. If you want to opt out, set the `KEDRO_DISABLE_TELEMETRY` or `DO_NOT_TRACK` environment variables, or create a `.telemetry` file in the current working directory with the contents `consent: false`. Read more at https://docs.kedro.org/en/stable/configuration/telemetry.html
2025-03-20 23:31:37,833 - kedro.runner.sequential_runner - INFO - Using synchronous mode for loading and saving data. Use the --async flag for potential performance gains. https://docs.kedro.org/en/stable/nodes_and_pipelines/run_a_pipeline.html#load-and-save-asynchronously
2025-03-20 23:31:37,835 - kedro.io.data_catalog - INFO - Loading data from iris_dataset (CSVDataset)...
2025-03-20 23:31:37,854 - kedro.pipeline.node - INFO - Running node: load_data_node: load_data([iris_dataset]) -> [X;y]
2025-03-20 23:31:37,864 - kedro.io.data_catalog - INFO - Saving data to X (MemoryDataset)...
2025-03-20 23:31:37,867 - kedro.io.data_catalog - INFO - Saving data to y (MemoryDataset)...
2025-03-20 23:31:37,868 - kedro.runner.sequential_runner - INFO - Completed node: load_data_node
2025-03-20 23:31:37,869 - kedro.runner.sequential_runner - INFO - Completed 1 out of 2 tasks
2025-03-20 23:31:37,869 - kedro.io.data_catalog - INFO - Loading data from X (MemoryDataset)...
2025-03-20 23:31:37,873 - kedro.io.data_catalog - INFO - Loading data from y (MemoryDataset)...
2025-03-20 23:31:37,876 - kedro.pipeline.node - INFO - Running node: train_model_node: preprocess_data([X;y]) -> [accuracy]
2025-03-20 23:31:37,899 - kedro.io.data_catalog - INFO - Saving data to accuracy (MemoryDataset)...
2025-03-20 23:31:37,900 - kedro.runner.sequential_runner - INFO - Completed node: train_model_node
2025-03-20 23:31:37,900 - kedro.runner.sequential_runner - INFO - Completed 2 out of 2 tasks
2025-03-20 23:31:37,901 - kedro.runner.sequential_runner - INFO - Pipeline execution completed successfully.
2025-03-20 23:31:37,901 - kedro.io.data_catalog - INFO - Loading data from accuracy (MemoryDataset)...
2025-03-20 23:31:44,383 - kedro.framework.project - INFO - Using 'conf/logging.yml' as logging configuration. You can change this by setting the KEDRO_LOGGING_CONFIG environment variable accordingly.
2025-03-20 23:31:44,455 - py.warnings - WARNING - /Users/hainingzheng/pythonCodes/kedro_pipeline_test/.venv/lib/python3.13/site-packages/kedro/io/data_catalog.py:165: KedroDeprecationWarning: `DataCatalog` has been deprecated and will be replaced by `KedroDataCatalog`, in Kedro 1.0.0.Currently some `KedroDataCatalog` APIs have been retained for compatibility with `DataCatalog`, including the `datasets` property and the `get_datasets`, `_get_datasets`, `add`,` list`, `add_feed_dict`, and `shallow_copy` methods. These will be removed or replaced with updated alternatives in Kedro 1.0.0. For more details, refer to the documentation: https://docs.kedro.org/en/stable/data/index.html#kedrodatacatalog-experimental-feature
  warnings.warn(

2025-03-20 23:31:44,555 - py.warnings - WARNING - /Users/hainingzheng/pythonCodes/kedro_pipeline_test/.venv/lib/python3.13/site-packages/kedro/io/data_catalog.py:165: KedroDeprecationWarning: `DataCatalog` has been deprecated and will be replaced by `KedroDataCatalog`, in Kedro 1.0.0.Currently some `KedroDataCatalog` APIs have been retained for compatibility with `DataCatalog`, including the `datasets` property and the `get_datasets`, `_get_datasets`, `add`,` list`, `add_feed_dict`, and `shallow_copy` methods. These will be removed or replaced with updated alternatives in Kedro 1.0.0. For more details, refer to the documentation: https://docs.kedro.org/en/stable/data/index.html#kedrodatacatalog-experimental-feature
  warnings.warn(

2025-03-20 23:31:45,976 - kedro.framework.project - INFO - Using 'conf/logging.yml' as logging configuration. You can change this by setting the KEDRO_LOGGING_CONFIG environment variable accordingly.
2025-03-20 23:31:46,312 - py.warnings - WARNING - /Users/hainingzheng/pythonCodes/kedro_pipeline_test/.venv/lib/python3.13/site-packages/kedro/io/data_catalog.py:165: KedroDeprecationWarning: `DataCatalog` has been deprecated and will be replaced by `KedroDataCatalog`, in Kedro 1.0.0.Currently some `KedroDataCatalog` APIs have been retained for compatibility with `DataCatalog`, including the `datasets` property and the `get_datasets`, `_get_datasets`, `add`,` list`, `add_feed_dict`, and `shallow_copy` methods. These will be removed or replaced with updated alternatives in Kedro 1.0.0. For more details, refer to the documentation: https://docs.kedro.org/en/stable/data/index.html#kedrodatacatalog-experimental-feature
  warnings.warn(

2025-03-20 23:31:46,538 - py.warnings - WARNING - /Users/hainingzheng/pythonCodes/kedro_pipeline_test/.venv/lib/python3.13/site-packages/kedro/io/data_catalog.py:165: KedroDeprecationWarning: `DataCatalog` has been deprecated and will be replaced by `KedroDataCatalog`, in Kedro 1.0.0.Currently some `KedroDataCatalog` APIs have been retained for compatibility with `DataCatalog`, including the `datasets` property and the `get_datasets`, `_get_datasets`, `add`,` list`, `add_feed_dict`, and `shallow_copy` methods. These will be removed or replaced with updated alternatives in Kedro 1.0.0. For more details, refer to the documentation: https://docs.kedro.org/en/stable/data/index.html#kedrodatacatalog-experimental-feature
  warnings.warn(

2025-03-20 23:31:48,470 - kedro_telemetry.plugin - INFO - Kedro is sending anonymous usage data with the sole purpose of improving the product. No personal data or IP addresses are stored on our side. If you want to opt out, set the `KEDRO_DISABLE_TELEMETRY` or `DO_NOT_TRACK` environment variables, or create a `.telemetry` file in the current working directory with the contents `consent: false`. Read more at https://docs.kedro.org/en/stable/configuration/telemetry.html
2025-03-20 23:45:44,220 - kedro.framework.project - INFO - Using 'conf/logging.yml' as logging configuration. You can change this by setting the KEDRO_LOGGING_CONFIG environment variable accordingly.
2025-03-20 23:45:44,314 - py.warnings - WARNING - /Users/hainingzheng/pythonCodes/kedro_pipeline_test/.venv/lib/python3.13/site-packages/kedro/io/data_catalog.py:165: KedroDeprecationWarning: `DataCatalog` has been deprecated and will be replaced by `KedroDataCatalog`, in Kedro 1.0.0.Currently some `KedroDataCatalog` APIs have been retained for compatibility with `DataCatalog`, including the `datasets` property and the `get_datasets`, `_get_datasets`, `add`,` list`, `add_feed_dict`, and `shallow_copy` methods. These will be removed or replaced with updated alternatives in Kedro 1.0.0. For more details, refer to the documentation: https://docs.kedro.org/en/stable/data/index.html#kedrodatacatalog-experimental-feature
  warnings.warn(

2025-03-20 23:45:44,422 - py.warnings - WARNING - /Users/hainingzheng/pythonCodes/kedro_pipeline_test/.venv/lib/python3.13/site-packages/kedro/io/data_catalog.py:165: KedroDeprecationWarning: `DataCatalog` has been deprecated and will be replaced by `KedroDataCatalog`, in Kedro 1.0.0.Currently some `KedroDataCatalog` APIs have been retained for compatibility with `DataCatalog`, including the `datasets` property and the `get_datasets`, `_get_datasets`, `add`,` list`, `add_feed_dict`, and `shallow_copy` methods. These will be removed or replaced with updated alternatives in Kedro 1.0.0. For more details, refer to the documentation: https://docs.kedro.org/en/stable/data/index.html#kedrodatacatalog-experimental-feature
  warnings.warn(

2025-03-20 23:45:44,486 - kedro.framework.session.session - INFO - Kedro project kedro-iris
2025-03-20 23:45:44,494 - kedro_telemetry.plugin - INFO - Kedro is sending anonymous usage data with the sole purpose of improving the product. No personal data or IP addresses are stored on our side. If you want to opt out, set the `KEDRO_DISABLE_TELEMETRY` or `DO_NOT_TRACK` environment variables, or create a `.telemetry` file in the current working directory with the contents `consent: false`. Read more at https://docs.kedro.org/en/stable/configuration/telemetry.html
2025-03-20 23:48:32,566 - kedro.framework.project - INFO - Using 'conf/logging.yml' as logging configuration. You can change this by setting the KEDRO_LOGGING_CONFIG environment variable accordingly.
2025-03-20 23:48:32,654 - py.warnings - WARNING - /Users/hainingzheng/pythonCodes/kedro_pipeline_test/.venv/lib/python3.13/site-packages/kedro/io/data_catalog.py:165: KedroDeprecationWarning: `DataCatalog` has been deprecated and will be replaced by `KedroDataCatalog`, in Kedro 1.0.0.Currently some `KedroDataCatalog` APIs have been retained for compatibility with `DataCatalog`, including the `datasets` property and the `get_datasets`, `_get_datasets`, `add`,` list`, `add_feed_dict`, and `shallow_copy` methods. These will be removed or replaced with updated alternatives in Kedro 1.0.0. For more details, refer to the documentation: https://docs.kedro.org/en/stable/data/index.html#kedrodatacatalog-experimental-feature
  warnings.warn(

2025-03-20 23:48:32,769 - py.warnings - WARNING - /Users/hainingzheng/pythonCodes/kedro_pipeline_test/.venv/lib/python3.13/site-packages/kedro/io/data_catalog.py:165: KedroDeprecationWarning: `DataCatalog` has been deprecated and will be replaced by `KedroDataCatalog`, in Kedro 1.0.0.Currently some `KedroDataCatalog` APIs have been retained for compatibility with `DataCatalog`, including the `datasets` property and the `get_datasets`, `_get_datasets`, `add`,` list`, `add_feed_dict`, and `shallow_copy` methods. These will be removed or replaced with updated alternatives in Kedro 1.0.0. For more details, refer to the documentation: https://docs.kedro.org/en/stable/data/index.html#kedrodatacatalog-experimental-feature
  warnings.warn(

2025-03-20 23:48:32,820 - kedro.framework.session.session - INFO - Kedro project kedro-iris
2025-03-20 23:48:32,827 - kedro_telemetry.plugin - INFO - Kedro is sending anonymous usage data with the sole purpose of improving the product. No personal data or IP addresses are stored on our side. If you want to opt out, set the `KEDRO_DISABLE_TELEMETRY` or `DO_NOT_TRACK` environment variables, or create a `.telemetry` file in the current working directory with the contents `consent: false`. Read more at https://docs.kedro.org/en/stable/configuration/telemetry.html
2025-03-20 23:51:23,900 - kedro.framework.project - INFO - Using 'conf/logging.yml' as logging configuration. You can change this by setting the KEDRO_LOGGING_CONFIG environment variable accordingly.
2025-03-20 23:51:23,987 - py.warnings - WARNING - /Users/hainingzheng/pythonCodes/kedro_pipeline_test/.venv/lib/python3.13/site-packages/kedro/io/data_catalog.py:165: KedroDeprecationWarning: `DataCatalog` has been deprecated and will be replaced by `KedroDataCatalog`, in Kedro 1.0.0.Currently some `KedroDataCatalog` APIs have been retained for compatibility with `DataCatalog`, including the `datasets` property and the `get_datasets`, `_get_datasets`, `add`,` list`, `add_feed_dict`, and `shallow_copy` methods. These will be removed or replaced with updated alternatives in Kedro 1.0.0. For more details, refer to the documentation: https://docs.kedro.org/en/stable/data/index.html#kedrodatacatalog-experimental-feature
  warnings.warn(

2025-03-20 23:51:24,098 - py.warnings - WARNING - /Users/hainingzheng/pythonCodes/kedro_pipeline_test/.venv/lib/python3.13/site-packages/kedro/io/data_catalog.py:165: KedroDeprecationWarning: `DataCatalog` has been deprecated and will be replaced by `KedroDataCatalog`, in Kedro 1.0.0.Currently some `KedroDataCatalog` APIs have been retained for compatibility with `DataCatalog`, including the `datasets` property and the `get_datasets`, `_get_datasets`, `add`,` list`, `add_feed_dict`, and `shallow_copy` methods. These will be removed or replaced with updated alternatives in Kedro 1.0.0. For more details, refer to the documentation: https://docs.kedro.org/en/stable/data/index.html#kedrodatacatalog-experimental-feature
  warnings.warn(

2025-03-20 23:51:24,146 - kedro.framework.session.session - INFO - Kedro project kedro-iris
2025-03-20 23:51:24,153 - kedro_telemetry.plugin - INFO - Kedro is sending anonymous usage data with the sole purpose of improving the product. No personal data or IP addresses are stored on our side. If you want to opt out, set the `KEDRO_DISABLE_TELEMETRY` or `DO_NOT_TRACK` environment variables, or create a `.telemetry` file in the current working directory with the contents `consent: false`. Read more at https://docs.kedro.org/en/stable/configuration/telemetry.html
2025-03-20 23:54:18,552 - kedro.framework.project - INFO - Using 'conf/logging.yml' as logging configuration. You can change this by setting the KEDRO_LOGGING_CONFIG environment variable accordingly.
2025-03-20 23:54:18,642 - py.warnings - WARNING - /Users/hainingzheng/pythonCodes/kedro_pipeline_test/.venv/lib/python3.13/site-packages/kedro/io/data_catalog.py:165: KedroDeprecationWarning: `DataCatalog` has been deprecated and will be replaced by `KedroDataCatalog`, in Kedro 1.0.0.Currently some `KedroDataCatalog` APIs have been retained for compatibility with `DataCatalog`, including the `datasets` property and the `get_datasets`, `_get_datasets`, `add`,` list`, `add_feed_dict`, and `shallow_copy` methods. These will be removed or replaced with updated alternatives in Kedro 1.0.0. For more details, refer to the documentation: https://docs.kedro.org/en/stable/data/index.html#kedrodatacatalog-experimental-feature
  warnings.warn(

2025-03-20 23:54:18,757 - py.warnings - WARNING - /Users/hainingzheng/pythonCodes/kedro_pipeline_test/.venv/lib/python3.13/site-packages/kedro/io/data_catalog.py:165: KedroDeprecationWarning: `DataCatalog` has been deprecated and will be replaced by `KedroDataCatalog`, in Kedro 1.0.0.Currently some `KedroDataCatalog` APIs have been retained for compatibility with `DataCatalog`, including the `datasets` property and the `get_datasets`, `_get_datasets`, `add`,` list`, `add_feed_dict`, and `shallow_copy` methods. These will be removed or replaced with updated alternatives in Kedro 1.0.0. For more details, refer to the documentation: https://docs.kedro.org/en/stable/data/index.html#kedrodatacatalog-experimental-feature
  warnings.warn(

2025-03-20 23:54:18,806 - kedro.framework.session.session - INFO - Kedro project kedro-iris
2025-03-20 23:54:19,716 - py.warnings - WARNING - /Users/hainingzheng/pythonCodes/kedro_pipeline_test/.venv/lib/python3.13/site-packages/kedro/io/data_catalog.py:165: KedroDeprecationWarning: `DataCatalog` has been deprecated and will be replaced by `KedroDataCatalog`, in Kedro 1.0.0.Currently some `KedroDataCatalog` APIs have been retained for compatibility with `DataCatalog`, including the `datasets` property and the `get_datasets`, `_get_datasets`, `add`,` list`, `add_feed_dict`, and `shallow_copy` methods. These will be removed or replaced with updated alternatives in Kedro 1.0.0. For more details, refer to the documentation: https://docs.kedro.org/en/stable/data/index.html#kedrodatacatalog-experimental-feature
  warnings.warn(

2025-03-20 23:54:19,719 - kedro_telemetry.plugin - INFO - Kedro is sending anonymous usage data with the sole purpose of improving the product. No personal data or IP addresses are stored on our side. If you want to opt out, set the `KEDRO_DISABLE_TELEMETRY` or `DO_NOT_TRACK` environment variables, or create a `.telemetry` file in the current working directory with the contents `consent: false`. Read more at https://docs.kedro.org/en/stable/configuration/telemetry.html
2025-03-20 23:54:19,807 - kedro.runner.sequential_runner - INFO - Using synchronous mode for loading and saving data. Use the --async flag for potential performance gains. https://docs.kedro.org/en/stable/nodes_and_pipelines/run_a_pipeline.html#load-and-save-asynchronously
2025-03-20 23:54:19,808 - kedro.io.data_catalog - INFO - Loading data from X (CSVDataset)...
2025-03-20 23:54:19,824 - kedro.pipeline.node - INFO - Running node: scaler_node: scale_data([X]) -> [X_scaled]
2025-03-20 23:54:19,833 - kedro.io.data_catalog - INFO - Saving data to X_scaled (MemoryDataset)...
2025-03-20 23:54:19,835 - kedro.runner.sequential_runner - INFO - Completed node: scaler_node
2025-03-20 23:54:19,835 - kedro.runner.sequential_runner - INFO - Completed 1 out of 3 tasks
2025-03-20 23:54:19,836 - kedro.io.data_catalog - INFO - Loading data from X_scaled (MemoryDataset)...
2025-03-20 23:54:19,840 - kedro.pipeline.node - INFO - Running node: pca_node: apply_pca([X_scaled]) -> [X_pca]
2025-03-20 23:54:19,847 - kedro.io.data_catalog - INFO - Saving data to X_pca (MemoryDataset)...
2025-03-20 23:54:19,848 - kedro.runner.sequential_runner - INFO - Completed node: pca_node
2025-03-20 23:54:19,849 - kedro.runner.sequential_runner - INFO - Completed 2 out of 3 tasks
2025-03-20 23:54:19,849 - kedro.io.data_catalog - INFO - Loading data from X_pca (MemoryDataset)...
2025-03-20 23:54:19,851 - kedro.io.data_catalog - INFO - Loading data from y (CSVDataset)...
2025-03-20 23:54:19,854 - kedro.pipeline.node - INFO - Running node: classifier_node: train_classifier([X_pca;y]) -> [accuracy]
2025-03-20 23:54:19,857 - py.warnings - WARNING - /Users/hainingzheng/pythonCodes/kedro_pipeline_test/.venv/lib/python3.13/site-packages/sklearn/utils/validation.py:1408: DataConversionWarning: A column-vector y was passed when a 1d array was expected. Please change the shape of y to (n_samples, ), for example using ravel().
  y = column_or_1d(y, warn=True)

2025-03-20 23:54:19,873 - kedro.io.data_catalog - INFO - Saving data to accuracy (MemoryDataset)...
2025-03-20 23:54:19,874 - kedro.runner.sequential_runner - INFO - Completed node: classifier_node
2025-03-20 23:54:19,875 - kedro.runner.sequential_runner - INFO - Completed 3 out of 3 tasks
2025-03-20 23:54:19,875 - kedro.runner.sequential_runner - INFO - Pipeline execution completed successfully.
2025-03-20 23:54:19,875 - kedro.io.data_catalog - INFO - Loading data from accuracy (MemoryDataset)...
2025-03-20 23:54:24,749 - kedro.framework.project - INFO - Using 'conf/logging.yml' as logging configuration. You can change this by setting the KEDRO_LOGGING_CONFIG environment variable accordingly.
2025-03-20 23:54:24,804 - py.warnings - WARNING - /Users/hainingzheng/pythonCodes/kedro_pipeline_test/.venv/lib/python3.13/site-packages/kedro/io/data_catalog.py:165: KedroDeprecationWarning: `DataCatalog` has been deprecated and will be replaced by `KedroDataCatalog`, in Kedro 1.0.0.Currently some `KedroDataCatalog` APIs have been retained for compatibility with `DataCatalog`, including the `datasets` property and the `get_datasets`, `_get_datasets`, `add`,` list`, `add_feed_dict`, and `shallow_copy` methods. These will be removed or replaced with updated alternatives in Kedro 1.0.0. For more details, refer to the documentation: https://docs.kedro.org/en/stable/data/index.html#kedrodatacatalog-experimental-feature
  warnings.warn(

2025-03-20 23:54:24,882 - py.warnings - WARNING - /Users/hainingzheng/pythonCodes/kedro_pipeline_test/.venv/lib/python3.13/site-packages/kedro/io/data_catalog.py:165: KedroDeprecationWarning: `DataCatalog` has been deprecated and will be replaced by `KedroDataCatalog`, in Kedro 1.0.0.Currently some `KedroDataCatalog` APIs have been retained for compatibility with `DataCatalog`, including the `datasets` property and the `get_datasets`, `_get_datasets`, `add`,` list`, `add_feed_dict`, and `shallow_copy` methods. These will be removed or replaced with updated alternatives in Kedro 1.0.0. For more details, refer to the documentation: https://docs.kedro.org/en/stable/data/index.html#kedrodatacatalog-experimental-feature
  warnings.warn(

2025-03-20 23:54:25,354 - kedro.framework.project - INFO - Using 'conf/logging.yml' as logging configuration. You can change this by setting the KEDRO_LOGGING_CONFIG environment variable accordingly.
2025-03-20 23:54:25,667 - py.warnings - WARNING - /Users/hainingzheng/pythonCodes/kedro_pipeline_test/.venv/lib/python3.13/site-packages/kedro/io/data_catalog.py:165: KedroDeprecationWarning: `DataCatalog` has been deprecated and will be replaced by `KedroDataCatalog`, in Kedro 1.0.0.Currently some `KedroDataCatalog` APIs have been retained for compatibility with `DataCatalog`, including the `datasets` property and the `get_datasets`, `_get_datasets`, `add`,` list`, `add_feed_dict`, and `shallow_copy` methods. These will be removed or replaced with updated alternatives in Kedro 1.0.0. For more details, refer to the documentation: https://docs.kedro.org/en/stable/data/index.html#kedrodatacatalog-experimental-feature
  warnings.warn(

2025-03-20 23:54:25,890 - py.warnings - WARNING - /Users/hainingzheng/pythonCodes/kedro_pipeline_test/.venv/lib/python3.13/site-packages/kedro/io/data_catalog.py:165: KedroDeprecationWarning: `DataCatalog` has been deprecated and will be replaced by `KedroDataCatalog`, in Kedro 1.0.0.Currently some `KedroDataCatalog` APIs have been retained for compatibility with `DataCatalog`, including the `datasets` property and the `get_datasets`, `_get_datasets`, `add`,` list`, `add_feed_dict`, and `shallow_copy` methods. These will be removed or replaced with updated alternatives in Kedro 1.0.0. For more details, refer to the documentation: https://docs.kedro.org/en/stable/data/index.html#kedrodatacatalog-experimental-feature
  warnings.warn(

2025-03-20 23:54:27,502 - kedro_telemetry.plugin - INFO - Kedro is sending anonymous usage data with the sole purpose of improving the product. No personal data or IP addresses are stored on our side. If you want to opt out, set the `KEDRO_DISABLE_TELEMETRY` or `DO_NOT_TRACK` environment variables, or create a `.telemetry` file in the current working directory with the contents `consent: false`. Read more at https://docs.kedro.org/en/stable/configuration/telemetry.html
